# JRE version: OpenJDK Runtime Environment Temurin-22.0.1+8 (22.0.1+8) (build 22.0.1+8)
# Java VM: OpenJDK 64-Bit Server VM Temurin-22.0.1+8 (22.0.1+8, mixed mode, tiered, compressed oops, compressed class ptrs, g1 gc, bsd-amd64)
GC Precious Log:
 CardTable entry size: 512
 Card Set container configuration: InlinePtr #cards 4 size 8 Array Of Cards #cards 16 size 48 Howl #buckets 8 coarsen threshold 3686 Howl Bitmap #cards 512 size 80 coarsen threshold 460 Card regions per heap region 1 cards per card region 4096
 CPUs: 8 total, 8 available
 Memory: 16384M
 Large Page Support: Disabled
 NUMA Support: Disabled
 Compressed Oops: Enabled (Zero based)
 Heap Region Size: 2M
 Heap Min Capacity: 8M
 Heap Initial Capacity: 256M
 Heap Max Capacity: 4G
 Pre-touch: Disabled
 Parallel Workers: 8
 Concurrent Workers: 2
 Concurrent Refinement Workers: 8
 Periodic GC: Disabled
Heap:
 garbage-first heap   total reserved 4194304K, committed 110592K, used 85166K [0x0000000700000000, 0x0000000800000000)
  region size 2048K, 27 young (55296K), 0 survivors (0K)
 Metaspace       used 96609K, committed 97664K, reserved 1179648K
  class space    used 11446K, committed 11904K, reserved 1048576K
GC Heap History (20 events):
Event: 1362.237 GC heap before
{Heap before GC invocations=63 (full 4):
 garbage-first heap   total reserved 4194304K, committed 131072K, used 112801K [0x0000000700000000, 0x0000000800000000)
  region size 2048K, 38 young (77824K), 2 survivors (4096K)
 Metaspace       used 93915K, committed 94912K, reserved 1179648K
  class space    used 11287K, committed 11712K, reserved 1048576K
}
Event: 1362.242 GC heap after
{Heap after GC invocations=64 (full 4):
 garbage-first heap   total reserved 4194304K, committed 131072K, used 41993K [0x0000000700000000, 0x0000000800000000)
  region size 2048K, 3 young (6144K), 3 survivors (6144K)
 Metaspace       used 93915K, committed 94912K, reserved 1179648K
  class space    used 11287K, committed 11712K, reserved 1048576K
}
Event: 1418.320 GC heap before
{Heap before GC invocations=64 (full 4):
 garbage-first heap   total reserved 4194304K, committed 131072K, used 89097K [0x0000000700000000, 0x0000000800000000)
  region size 2048K, 28 young (57344K), 3 survivors (6144K)
 Metaspace       used 94174K, committed 95168K, reserved 1179648K
  class space    used 11294K, committed 11712K, reserved 1048576K
}
Event: 1418.380 GC heap after
{Heap after GC invocations=65 (full 5):
 garbage-first heap   total reserved 4194304K, committed 110592K, used 31010K [0x0000000700000000, 0x0000000800000000)
  region size 2048K, 0 young (0K), 0 survivors (0K)
 Metaspace       used 94166K, committed 95168K, reserved 1179648K
  class space    used 11292K, committed 11712K, reserved 1048576K
}
Event: 1419.003 GC heap before
{Heap before GC invocations=65 (full 5):
 garbage-first heap   total reserved 4194304K, committed 110592K, used 96546K [0x0000000700000000, 0x0000000800000000)
  region size 2048K, 32 young (65536K), 0 survivors (0K)
 Metaspace       used 94631K, committed 95616K, reserved 1179648K
  class space    used 11325K, committed 11776K, reserved 1048576K
}
Event: 1419.006 GC heap after
{Heap after GC invocations=66 (full 5):
 garbage-first heap   total reserved 4194304K, committed 110592K, used 36214K [0x0000000700000000, 0x0000000800000000)
  region size 2048K, 3 young (6144K), 3 survivors (6144K)
 Metaspace       used 94631K, committed 95616K, reserved 1179648K
  class space    used 11325K, committed 11776K, reserved 1048576K
}
Event: 1419.248 GC heap before
{Heap before GC invocations=67 (full 5):
 garbage-first heap   total reserved 4194304K, committed 110592K, used 93558K [0x0000000700000000, 0x0000000800000000)
  region size 2048K, 31 young (63488K), 3 survivors (6144K)
 Metaspace       used 94772K, committed 95744K, reserved 1179648K
  class space    used 11334K, committed 11776K, reserved 1048576K
}
Event: 1419.252 GC heap after
{Heap after GC invocations=68 (full 5):
 garbage-first heap   total reserved 4194304K, committed 110592K, used 37703K [0x0000000700000000, 0x0000000800000000)
  region size 2048K, 1 young (2048K), 1 survivors (2048K)
 Metaspace       used 94772K, committed 95744K, reserved 1179648K
  class space    used 11334K, committed 11776K, reserved 1048576K
}
Event: 1504.066 GC heap before
{Heap before GC invocations=68 (full 5):
 garbage-first heap   total reserved 4194304K, committed 110592K, used 95047K [0x0000000700000000, 0x0000000800000000)
  region size 2048K, 30 young (61440K), 1 survivors (2048K)
 Metaspace       used 95077K, committed 96064K, reserved 1179648K
  class space    used 11353K, committed 11776K, reserved 1048576K
}
Event: 1504.072 GC heap after
{Heap after GC invocations=69 (full 5):
 garbage-first heap   total reserved 4194304K, committed 110592K, used 40628K [0x0000000700000000, 0x0000000800000000)
  region size 2048K, 3 young (6144K), 3 survivors (6144K)
 Metaspace       used 95077K, committed 96064K, reserved 1179648K
  class space    used 11353K, committed 11776K, reserved 1048576K
}
Event: 1504.598 GC heap before
{Heap before GC invocations=69 (full 5):
 garbage-first heap   total reserved 4194304K, committed 110592K, used 93876K [0x0000000700000000, 0x0000000800000000)
  region size 2048K, 29 young (59392K), 3 survivors (6144K)
 Metaspace       used 95444K, committed 96448K, reserved 1179648K
  class space    used 11374K, committed 11840K, reserved 1048576K
}
Event: 1504.603 GC heap after
{Heap after GC invocations=70 (full 5):
 garbage-first heap   total reserved 4194304K, committed 110592K, used 43105K [0x0000000700000000, 0x0000000800000000)
  region size 2048K, 3 young (6144K), 3 survivors (6144K)
 Metaspace       used 95444K, committed 96448K, reserved 1179648K
  class space    used 11374K, committed 11840K, reserved 1048576K
}
Event: 1511.351 GC heap before
{Heap before GC invocations=71 (full 5):
 garbage-first heap   total reserved 4194304K, committed 110592K, used 82017K [0x0000000700000000, 0x0000000800000000)
  region size 2048K, 23 young (47104K), 3 survivors (6144K)
 Metaspace       used 95609K, committed 96640K, reserved 1179648K
  class space    used 11381K, committed 11840K, reserved 1048576K
}
Event: 1511.407 GC heap after
{Heap after GC invocations=72 (full 6):
 garbage-first heap   total reserved 4194304K, committed 110592K, used 31635K [0x0000000700000000, 0x0000000800000000)
  region size 2048K, 0 young (0K), 0 survivors (0K)
 Metaspace       used 95603K, committed 96640K, reserved 1179648K
  class space    used 11380K, committed 11840K, reserved 1048576K
}
Event: 1511.948 GC heap before
{Heap before GC invocations=72 (full 6):
 garbage-first heap   total reserved 4194304K, committed 110592K, used 97171K [0x0000000700000000, 0x0000000800000000)
  region size 2048K, 32 young (65536K), 0 survivors (0K)
 Metaspace       used 96015K, committed 97024K, reserved 1179648K
  class space    used 11410K, committed 11840K, reserved 1048576K
}
Event: 1511.951 GC heap after
{Heap after GC invocations=73 (full 6):
 garbage-first heap   total reserved 4194304K, committed 110592K, used 36596K [0x0000000700000000, 0x0000000800000000)
  region size 2048K, 3 young (6144K), 3 survivors (6144K)
 Metaspace       used 96015K, committed 97024K, reserved 1179648K
  class space    used 11410K, committed 11840K, reserved 1048576K
}
Event: 1512.180 GC heap before
{Heap before GC invocations=74 (full 6):
 garbage-first heap   total reserved 4194304K, committed 110592K, used 91892K [0x0000000700000000, 0x0000000800000000)
  region size 2048K, 30 young (61440K), 3 survivors (6144K)
 Metaspace       used 96166K, committed 97152K, reserved 1179648K
  class space    used 11419K, committed 11840K, reserved 1048576K
}
Event: 1512.184 GC heap after
{Heap after GC invocations=75 (full 6):
 garbage-first heap   total reserved 4194304K, committed 110592K, used 38432K [0x0000000700000000, 0x0000000800000000)
  region size 2048K, 2 young (4096K), 2 survivors (4096K)
 Metaspace       used 96166K, committed 97152K, reserved 1179648K
  class space    used 11419K, committed 11840K, reserved 1048576K
}
Event: 1600.388 GC heap before
{Heap before GC invocations=75 (full 6):
 garbage-first heap   total reserved 4194304K, committed 110592K, used 65056K [0x0000000700000000, 0x0000000800000000)
  region size 2048K, 16 young (32768K), 2 survivors (4096K)
 Metaspace       used 96255K, committed 97344K, reserved 1179648K
  class space    used 11422K, committed 11904K, reserved 1048576K
}
Event: 1600.439 GC heap after
{Heap after GC invocations=76 (full 7):
 garbage-first heap   total reserved 4194304K, committed 110592K, used 31918K [0x0000000700000000, 0x0000000800000000)
  region size 2048K, 0 young (0K), 0 survivors (0K)
 Metaspace       used 96252K, committed 97344K, reserved 1179648K
  class space    used 11421K, committed 11904K, reserved 1048576K
}

